<?xml version="1.0" encoding="UTF-8"?>
<!-- Generated by org.testng.reporters.JUnitReportReporter -->
<testsuite hostname="DESKTOP-MLOUV3A" failures="0" tests="1" name="TestClasses_GM1.gmailComposeValidation" time="0.011" errors="0" timestamp="2022-09-02T20:23:01 IST" skipped="0">
  <testcase classname="TestClasses_GM1.gmailComposeValidation" name="f" time="0.011"/>
  <system-out/>
</testsuite> <!-- TestClasses_GM1.gmailComposeValidation -->
